c:\users\chris\source\repos\appointmentmanagerport\appointmentmanagerport\x64\debug\vc143.pdb
c:\users\chris\source\repos\appointmentmanagerport\appointmentmanagerport\x64\debug\vc143.idb
c:\users\chris\documents\github\appointmentmanagerport\appointmentmanagerport\x64\debug\vc143.pdb
c:\users\chris\documents\github\appointmentmanagerport\appointmentmanagerport\x64\debug\vc143.idb
c:\users\chris\documents\github\appointmentmanagerport\appointmentmanagerport\x64\debug\contactservice.obj
c:\users\chris\documents\github\appointmentmanagerport\appointmentmanagerport\x64\debug\contact.obj
c:\users\chris\documents\github\appointmentmanagerport\appointmentmanagerport\x64\debug\appointmentservice.obj
c:\users\chris\documents\github\appointmentmanagerport\appointmentmanagerport\x64\debug\appointmentmanagerport.obj
c:\users\chris\documents\github\appointmentmanagerport\appointmentmanagerport\x64\debug\appointment.obj
c:\users\chris\documents\github\appointmentmanagerport\x64\debug\appointmentmanagerport.exe
c:\users\chris\documents\github\appointmentmanagerport\x64\debug\appointmentmanagerport.pdb
c:\users\chris\documents\github\appointmentmanagerport\appointmentmanagerport\x64\debug\appointmentmanagerport.ilk
c:\users\chris\documents\github\appointmentmanagerport\appointmentmanagerport\x64\debug\appointm.8be6ad77.tlog\cl.command.1.tlog
c:\users\chris\documents\github\appointmentmanagerport\appointmentmanagerport\x64\debug\appointm.8be6ad77.tlog\cl.items.tlog
c:\users\chris\documents\github\appointmentmanagerport\appointmentmanagerport\x64\debug\appointm.8be6ad77.tlog\cl.read.1.tlog
c:\users\chris\documents\github\appointmentmanagerport\appointmentmanagerport\x64\debug\appointm.8be6ad77.tlog\cl.write.1.tlog
c:\users\chris\documents\github\appointmentmanagerport\appointmentmanagerport\x64\debug\appointm.8be6ad77.tlog\link.command.1.tlog
c:\users\chris\documents\github\appointmentmanagerport\appointmentmanagerport\x64\debug\appointm.8be6ad77.tlog\link.read.1.tlog
c:\users\chris\documents\github\appointmentmanagerport\appointmentmanagerport\x64\debug\appointm.8be6ad77.tlog\link.secondary.1.tlog
c:\users\chris\documents\github\appointmentmanagerport\appointmentmanagerport\x64\debug\appointm.8be6ad77.tlog\link.write.1.tlog
